已經開始建置於 2011/2/19 下午 09:17:09。
     1>節點 2 (rebuild 目標) 上的專案 "D:\angrybird\angrybird\angrybird.vcxproj"。
     1>_PrepareForClean:
         正在刪除檔案 "Release\angrybird.lastbuildstate"。
       InitializeBuildStatus:
         由於指定了 "AlwaysCreate"，因此正在建立 "Release\angrybird.unsuccessfulbuild"。
       ClCompile:
         C:\Program Files\Microsoft Visual Studio 10.0\VC\bin\CL.exe /c /Zi /nologo /W3 /WX- /O2 /Oi /Oy- /GL /D WIN32 /D _WINDOWS /D NDEBUG /D _UNICODE /D UNICODE /Gm- /EHsc /MT /GS /Gy /fp:precise /Zc:wchar_t /Zc:forScope /Yc"StdAfx.h" /Fp"Release\angrybird.pch" /Fo"Release\\" /Fd"Release\vc100.pdb" /Gd /TP /analyze- /errorReport:prompt stdafx.cpp
         stdafx.cpp
         C:\Program Files\Microsoft Visual Studio 10.0\VC\bin\CL.exe /c /Zi /nologo /W3 /WX- /O2 /Oi /Oy- /GL /D WIN32 /D _WINDOWS /D NDEBUG /D _UNICODE /D UNICODE /Gm- /EHsc /MT /GS /Gy /fp:precise /Zc:wchar_t /Zc:forScope /Yu"StdAfx.h" /Fp"Release\angrybird.pch" /Fo"Release\\" /Fd"Release\vc100.pdb" /Gd /TP /analyze- /errorReport:prompt angrybird.cpp angrybirdDlg.cpp
         angrybird.cpp
         angrybirdDlg.cpp
       ResourceCompile:
         C:\Program Files\Microsoft SDKs\Windows\v7.0A\bin\rc.exe /D NDEBUG /D _UNICODE /D UNICODE /l"0x0404" /IRelease\ /nologo /fo"Release\angrybird.res" angrybird.rc 
       Link:
         C:\Program Files\Microsoft Visual Studio 10.0\VC\bin\link.exe /ERRORREPORT:PROMPT /OUT:"D:\angrybird\Release\angrybird.exe" /INCREMENTAL:NO /NOLOGO /MANIFEST /ManifestFile:"Release\angrybird.exe.intermediate.manifest" /MANIFESTUAC:"level='asInvoker' uiAccess='false'" /DEBUG /PDB:"D:\angrybird\Release\angrybird.pdb" /SUBSYSTEM:WINDOWS /OPT:REF /OPT:ICF /LTCG /TLBID:1 /ENTRY:"wWinMainCRTStartup" /DYNAMICBASE /NXCOMPAT /IMPLIB:"D:\angrybird\Release\angrybird.lib" /MACHINE:X86 Release\angrybird.res
         Release\angrybird.obj
         Release\angrybirdDlg.obj
         Release\stdafx.obj
         正在產生程式碼
         已完成程式碼產生
         angrybird.vcxproj -> D:\angrybird\Release\angrybird.exe
       Manifest:
         C:\Program Files\Microsoft SDKs\Windows\v7.0A\bin\mt.exe /nologo /verbose /outputresource:"D:\angrybird\Release\angrybird.exe;#1" /manifest Release\angrybird.exe.intermediate.manifest "C:\Program Files\Microsoft Visual Studio 10.0\VC\Include\Manifest\dpiaware.manifest"
       FinalizeBuildStatus:
         正在刪除檔案 "Release\angrybird.unsuccessfulbuild"。
         正在變更時間戳記 "Release\angrybird.lastbuildstate"。
     1>專案 "D:\angrybird\angrybird\angrybird.vcxproj" (rebuild 目標) 建置完成。

建置成功。

經過時間 00:00:15.72
