D:\ANGRYBIRD\ANGRYBIRD\RELEASE\ANGRYBIRD.EXE.INTERMEDIATE.MANIFEST
D:\ANGRYBIRD\ANGRYBIRD\RELEASE\ANGRYBIRD.OBJ
D:\ANGRYBIRD\ANGRYBIRD\RELEASE\ANGRYBIRD.PCH
D:\ANGRYBIRD\ANGRYBIRD\RELEASE\ANGRYBIRD.RES
D:\ANGRYBIRD\ANGRYBIRD\RELEASE\ANGRYBIRDDLG.OBJ
D:\angrybird\angrybird\Release\cl.command.1.tlog
D:\angrybird\angrybird\Release\CL.read.1.tlog
D:\angrybird\angrybird\Release\CL.write.1.tlog
D:\angrybird\angrybird\Release\link.command.1.tlog
D:\angrybird\angrybird\Release\link.read.1.tlog
D:\angrybird\angrybird\Release\link.write.1.tlog
D:\angrybird\angrybird\Release\link-cvtres.read.1.tlog
D:\angrybird\angrybird\Release\link-cvtres.write.1.tlog
D:\angrybird\angrybird\Release\mt.command.1.tlog
D:\angrybird\angrybird\Release\mt.read.1.tlog
D:\angrybird\angrybird\Release\mt.write.1.tlog
D:\angrybird\angrybird\Release\rc.command.1.tlog
D:\angrybird\angrybird\Release\rc.read.1.tlog
D:\angrybird\angrybird\Release\rc.write.1.tlog
D:\ANGRYBIRD\ANGRYBIRD\RELEASE\STDAFX.OBJ
D:\ANGRYBIRD\ANGRYBIRD\RELEASE\VC100.PDB
D:\ANGRYBIRD\RELEASE\ANGRYBIRD.EXE
D:\ANGRYBIRD\RELEASE\ANGRYBIRD.PDB
