D:\ANGRYBIRD\ANGRYBIRD\DEBUG\ANGRYBIRD.EXE.EMBED.MANIFEST
D:\ANGRYBIRD\ANGRYBIRD\DEBUG\ANGRYBIRD.EXE.EMBED.MANIFEST.RES
D:\ANGRYBIRD\ANGRYBIRD\DEBUG\ANGRYBIRD.EXE.INTERMEDIATE.MANIFEST
D:\ANGRYBIRD\ANGRYBIRD\DEBUG\ANGRYBIRD.OBJ
D:\ANGRYBIRD\ANGRYBIRD\DEBUG\ANGRYBIRD.PCH
D:\ANGRYBIRD\ANGRYBIRD\DEBUG\ANGRYBIRD.RES
D:\angrybird\angrybird\Debug\angrybird_manifest.rc
D:\ANGRYBIRD\ANGRYBIRD\DEBUG\ANGRYBIRDDLG.OBJ
D:\angrybird\angrybird\Debug\cl.command.1.tlog
D:\angrybird\angrybird\Debug\CL.read.1.tlog
D:\angrybird\angrybird\Debug\CL.write.1.tlog
D:\angrybird\angrybird\Debug\link.command.1.tlog
D:\angrybird\angrybird\Debug\link.read.1.tlog
D:\angrybird\angrybird\Debug\link.write.1.tlog
D:\angrybird\angrybird\Debug\link-cvtres.read.1.tlog
D:\angrybird\angrybird\Debug\link-cvtres.write.1.tlog
D:\angrybird\angrybird\Debug\mt.command.1.tlog
D:\angrybird\angrybird\Debug\mt.read.1.tlog
D:\angrybird\angrybird\Debug\mt.write.1.tlog
D:\angrybird\angrybird\Debug\rc.command.1.tlog
D:\angrybird\angrybird\Debug\rc.read.1.tlog
D:\angrybird\angrybird\Debug\rc.write.1.tlog
D:\ANGRYBIRD\ANGRYBIRD\DEBUG\STDAFX.OBJ
D:\angrybird\angrybird\Debug\vc100.idb
D:\ANGRYBIRD\ANGRYBIRD\DEBUG\VC100.PDB
D:\ANGRYBIRD\DEBUG\ANGRYBIRD.EXE
D:\ANGRYBIRD\DEBUG\ANGRYBIRD.ILK
D:\ANGRYBIRD\DEBUG\ANGRYBIRD.PDB
